DEBUG:__main__:__init__
INFO:__main__:Initialization
DEBUG:__main__:operation
DEBUG:__main__:connect
INFO:__main__:Connection established
INFO:__main__:Starting Login Protocol
DEBUG:__main__:Login request: 
Username: asd
Password: asd
SQN: b'\x00\x00\x00\x01'
Login request message: b"\x01\x00\x00\x00\x01X\x00\x00\x00\x01\xe1bjX5\xd0\x00\x007]\xa7\x90\x1a\x11\xe2\x15\xcacpZ\x12\x17h\x98\xe3+\xfako\x94\xa2\xb7xn\x84\x8f\xc0\x8a~\xad\xc9\x91\xe7\n[!\x85w)g\x85\x11Hc)\xa30\xe5O\xef\xeb>\xf5\x7f\xadVZV\xae\xf3\x86bU\xc3\x85\xa7\x1e\xcdN\xbb\x02\x12x\x14\x01Yz/\xa0\xd0\x9f\x14\xf9R\x15o\x11\xed\x81\x8es\xe7\x104\x8cK\x04K\x92\x8e\xc3\xe6x8\xed!\x1f1c/\xd3\x14\xb9\x00\xb2L\xa0\x83\x07C6\xe1\xb9\xe3\x13\x85&\xa5W\xb3~\x15$\x03I\xe8\x16J\x81K.r\x88\x0c)\x14\xb5nL$\x82\xe7\xe7\x96\x19\xfa\xa1\xdd\x12;_\x14{?\x8b\x84j|k\xe9\xb7\xc9\xa8\xfc\xbd_\xfdN\xec^!\xbe!ML\x8e\x0c\x1d\xb4\xda\x94W\x06\xb5\xa7G9\xd5\x04\xd4\x80\x07\xba_<;\xd1\x0f\x0f\xf9\x81\xeb\xf0w/\x1c*\x96B2\xb0\xbe\x0f\xcc\xfc\xfe\x19\xcc\xa2!\xfb\x0e\xd9\xfai\x9a\xd2\x91\xeb\x86\xd9\xd3X\xc1h\xb6\xea\xd8`\xe5U<0\x96\xe4\xa1\xb9\xc7\x1f\x15\xdb\xc0<\xa5\x05\xa1\x98<\xe9\x93\xd4\x83\xda\x17\xc9b\xdf\xbf\xf9l\x9fS\xae\xba\xbc\xe1\xc8';\xa4\x1a0\x89\xceg\x07\x0b\xac\xd6\x05\x8e\x8c\x95\xc3\xbd\xccy0\xde \xc2\x9d|O|\xd4\x0fn`\xfb\x86;\xd0a:\xbe"
Message hash: b'e\x98n_\x82\xd5o\xf5:\x96n\x98\x81U\xb5\xce\x1a\xbc\xa0&\x14\x94O\xdf\xaf\xbc-\xb4~\x016p'
My random: 4b7f43437943efdbc8428ca5925fa862
Temp key: b'n+\xab\xf9C\x81\n1h6\xf0\xa2\xc2\x1d!I\xde\x9f\xd9XC\xfeV(\x1evI\xd5\x9d/\t\x1c'
INFO:__main__:Message sent
DEBUG:__main__:__init__
INFO:__main__:Initialization
DEBUG:__main__:operation
DEBUG:__main__:connect
INFO:__main__:Connection established
INFO:__main__:Starting Login Protocol
DEBUG:__main__:Login request: 
Username: asd
Password: asd
SQN: b'\x00\x01'
Login request message: b'\x01\x00\x00\x00\x01X\x00\x01F\xa2\xcdu\x19\xef\x00\x00;\xae\xaa\x05\xab\xbex\xf9!\xb32\x0c\xd0\xb2\xdb\xa9\xc9T>\xfbO]m.\xe4\x82\xbcD\xc2\xb5\x1c)\xc3\xf7\xbf.o\x87\x96\x97\r\xb4w\xa4\xcfh2;,-a\xca"Z\xc3\x80\x01\x18\xcf\x8f\x12\x06\xb2\x8d\r\r\xbb\xfa=\xb5\xb5\xc2\x9d\xafcN\x97\x89\xf9\xfdRE\x93aP\xb5\x8d\x9e[g\x99M\x9b\x0c\x91\xc0\xa8\xb2\xd7\xfbQ\x16\x17f\xf3\xad\x8f\xf4\xb6\x90\xfd\x0c\xf89\xff\x0e\xab\xc3\x88\xec\x14\xcb.\xbe\x8e\x9d\xac\x83\xb3\x13\xaan\xe0R\x08\xef\x03$\x99 \xf8\xaa\x98\xa1\x93\x8b\xa8aO\x1eme\xa5\xfc\x02!\xa4\xd3\xdc\x07\xeb\xd3]\xe6+Yq\xa1\xb7\xa8\xe2\xbf\xf8\xd9E\xf7\xdal\x83\xb7\x8bY.\xf3\xdd"\xfb-\xd9J\x8dMTG\x98\xb4\x80F\x97\xe5!4\xc2\xd1z\xbc\nsYZ\xb9\x9e\xf8D\x13GE\xec\xd39\x9f\xfc\x1au\xefW\x9f\xae\xe9\xa8\xcf\xb4\x10\xe6r2\xa2~`\xee\x8c\xe7\xa3%\x15\x80N\x01\xe3\xd6\x96\x94r\xfaR\n\x8c9\'W\x8a\x88\xf6J\x99\xd0p\xef\x87\xe7%V}\xe0\xe3\x93\x00\xf0:\xdfFNi\x7fi\x7f\xd40\x1c\xb3\xa0+4+\x95\xeb\x9dh\xd6*\x91\x05\xedEkW\x1f\xf1\x08\xa0Tw3\x16\x19%N\xf5*\xfc\xe0\xb1\xbc(\x15\x98\x99D'
Message hash: b'@X\xae\xa5\x7f\x91w\x8d\x00\x11\xff3m_\r{\xfa9\xd5\xab\xe0\x06.Lv\xfa\x9c\xa0\r\x13\xe5r'
My random: 720701393768f9cda2f688469330f76b
Temp key: b'\xfd)\xadL\xbf\xa7\x8e\x9d\x81\xda\xeaN\xbc\x8b\x0c\xd86\xda\xe7.\x18\xf4 \x04\x05\xb2\xd17v\xb7\xa3\xa0'
INFO:__main__:Message sent
DEBUG:__main__:Login response: b'\x01\x00\x00\x00\x01X\x00\x01F\xa2\xcdu\x19\xef\x00\x00;\xae\xaa\x05\xab\xbex\xf9!\xb32\x0c\xd0\xb2\xdb\xa9\xc9T>\xfbO]m.\xe4\x82\xbcD\xc2\xb5\x1c)\xc3\xf7\xbf.o\x87\x96\x97\r\xb4w\xa4\xcfh2;,-a\xca"Z\xc3\x80\x01\x18\xcf\x8f\x12\x06\xb2\x8d\r\r\xbb\xfa=\xb5\xb5\xc2\x9d\xafcN\x97\x89\xf9\xfdRE\x93aP\xb5\x8d\x9e[g\x99M\x9b\x0c\x91\xc0\xa8\xb2\xd7\xfbQ\x16\x17f\xf3\xad\x8f\xf4\xb6\x90\xfd\x0c\xf89\xff\x0e\xab\xc3\x88\xec\x14\xcb.\xbe\x8e\x9d\xac\x83\xb3\x13\xaan\xe0R\x08\xef\x03$\x99 \xf8\xaa\x98\xa1\x93\x8b\xa8aO\x1eme\xa5\xfc\x02!\xa4\xd3\xdc\x07\xeb\xd3]\xe6+Yq\xa1\xb7\xa8\xe2\xbf\xf8\xd9E\xf7\xdal\x83\xb7\x8bY.\xf3\xdd"\xfb-\xd9J\x8dMTG\x98\xb4\x80F\x97\xe5!4\xc2\xd1z\xbc\nsYZ\xb9\x9e\xf8D\x13GE\xec\xd39\x9f\xfc\x1au\xefW\x9f\xae\xe9\xa8\xcf\xb4\x10\xe6r2\xa2~`\xee\x8c\xe7\xa3%\x15\x80N\x01\xe3\xd6\x96\x94r\xfaR\n\x8c9\'W\x8a\x88\xf6J\x99\xd0p\xef\x87\xe7%V}\xe0\xe3\x93\x00\xf0:\xdfFNi\x7fi\x7f\xd40\x1c\xb3\xa0+4+\x95\xeb\x9dh\xd6*\x91\x05\xedEkW\x1f\xf1\x08\xa0Tw3\x16\x19%N\xf5*\xfc\xe0\xb1\xbc(\x15\x98\x99D'
INFO:__main__:Connection closed
ERROR:__main__:An error was occured during the process: 'NoneType' object is not subscriptable
